PLINK v2.00a2.3LM 64-bit Intel (24 Jan 2020)
Options in effect:
  --bfile data/genotypes21_22
  --mac 1
  --maf 0.001
  --no-id-header
  --out output/cache/genotypes21_22.qc_pass
  --threads 8
  --write-samples
  --write-snplist

Hostname: 6bd9d7890530
Working directory: /home/gw/GIT/teaching/orientation/data
Start time: Tue Feb 23 02:07:41 2021

Random number seed: 1614046061
64290 MiB RAM detected; reserving 32145 MiB for main workspace.
Using up to 8 compute threads.
100 samples (50 females, 50 males; 100 founders) loaded from
data/genotypes21_22.fam.
16577 variants loaded from data/genotypes21_22.bim.
Note: No phenotype data present.
--write-samples: Sample IDs written to output/cache/genotypes21_22.qc_pass.id .
Calculating allele frequencies... done.
122 variants removed due to allele frequency threshold(s)
(--maf/--max-maf/--mac/--max-mac).
16455 variants remaining after main filters.
--write-snplist: Variant IDs written to
output/cache/genotypes21_22.qc_pass.snplist .

End time: Tue Feb 23 02:07:41 2021
